\BOOKMARK [0][]{chapter.1}{\376\377\0001\000\040\201\364\214\042}{}% 1
\BOOKMARK [0][]{chapter.2}{\376\377\0002\000\040\220\011\142\351}{}% 2
\BOOKMARK [1][]{section.2.1}{\376\377\0002\000.\0001\000\040\131\017\116\344\204\045\145\077\173\126\214\003\145\164}{chapter.2}% 3
\BOOKMARK [2][]{subsection.2.1.1}{\376\377\0002\000.\0001\000.\0001\000\040\0002\0000\0002\0005\136\164\131\017\116\344\204\045\137\000\213\276\145\077\173\126\214\003\145\164}{section.2.1}% 4
\BOOKMARK [2][]{subsection.2.1.2}{\376\377\0002\000.\0001\000.\0002\000\040\0002\0002\176\247\143\250\121\115\145\077\173\126\214\003\145\164}{section.2.1}% 5
\BOOKMARK [2][]{subsection.2.1.3}{\376\377\0002\000.\0001\000.\0003\000\040\117\341\140\157\203\267\123\326\220\024\137\204}{section.2.1}% 6
\BOOKMARK [1][]{section.2.2}{\376\377\0002\000.\0002\000\040\220\011\142\351\145\271\124\021}{chapter.2}% 7
\BOOKMARK [2][]{subsection.2.2.1}{\376\377\0002\000.\0002\000.\0001\000\040\146\057\124\046\211\201\217\154\170\001\120\132\000a\000i\142\026\121\166\116\326}{section.2.2}% 8
\BOOKMARK [2][]{subsection.2.2.2}{\376\377\0002\000.\0002\000.\0002\000\040\117\040\176\337\226\306\142\020\165\065\215\357\230\206\127\337}{section.2.2}% 9
\BOOKMARK [1][]{section.2.3}{\376\377\0002\000.\0003\000\040\220\011\142\351\226\142\150\041}{chapter.2}% 10
\BOOKMARK [2][]{subsection.2.3.1}{\376\377\0002\000.\0003\000.\0001\000\040\131\047\226\106\121\205\123\107\133\146}{section.2.3}% 11
\BOOKMARK [2][]{subsection.2.3.2}{\376\377\0002\000.\0003\000.\0002\000\040\121\372\130\203\142\026\174\173\121\372\130\203\123\107\133\146}{section.2.3}% 12
\BOOKMARK [2][]{subsection.2.3.3}{\376\377\0002\000.\0003\000.\0003\000\040\121\372\126\375\123\107\133\146}{section.2.3}% 13
\BOOKMARK [0][]{chapter.3}{\376\377\0003\000\040\133\236\144\315}{}% 14
\BOOKMARK [1][]{section.3.1}{\376\377\0003\000.\0001\000\040\116\052\116\272\173\200\123\206}{chapter.3}% 15
\BOOKMARK [1][]{section.3.2}{\376\377\0003\000.\0002\000\040\131\127\170\301}{chapter.3}% 16
\BOOKMARK [1][]{section.3.3}{\376\377\0003\000.\0003\000\040\227\142\213\325}{chapter.3}% 17
\BOOKMARK [0][]{chapter.4}{\376\377\0004\000\040\116\052\116\272\143\320\123\107}{}% 18
\BOOKMARK [1][]{section.4.1}{\376\377\0004\000.\0001\000\040\137\305\117\356\213\376\172\013\136\372\213\256}{chapter.4}% 19
\BOOKMARK [1][]{section.4.2}{\376\377\0004\000.\0002\000\040\171\321\170\024\136\372\213\256}{chapter.4}% 20
\BOOKMARK [1][]{section.4.3}{\376\377\0004\000.\0003\000\040\172\336\215\133\136\372\213\256}{chapter.4}% 21
\BOOKMARK [0][]{chapter.5}{\376\377\0005\000\040\131\107\142\200\155\353\135\347}{}% 22
\BOOKMARK [1][]{section.5.1}{\376\377\0005\000.\0001\000\040\136\046\117\140\133\146}{chapter.5}% 23
\BOOKMARK [1][]{section.5.2}{\376\377\0005\000.\0002\000\040\201\352\133\146}{chapter.5}% 24
\BOOKMARK [1][]{section.5.3}{\376\377\0005\000.\0003\000\040\200\124\124\010\127\371\121\173\133\236\232\214\133\244}{chapter.5}% 25
\BOOKMARK [2][]{subsection.5.3.1}{\376\377\0005\000.\0003\000.\0001\000\040\117\335\170\024\217\205\133\374\147\072\147\204}{section.5.3}% 26
\BOOKMARK [0][]{chapter.6}{\376\377\0006\000\040\221\315\122\066\162\110\000f\000r\000o\000m\000\040\0002\0000\0002\0005\000.\0009\000.\0009}{}% 27
\BOOKMARK [1][]{section.6.1}{\376\377\0006\000.\0001\000\040\131\202\117\125\220\011\133\374\136\010}{chapter.6}% 28
\BOOKMARK [2][]{subsection.6.1.1}{\376\377\0006\000.\0001\000.\0001\000\040\133\146\147\057\200\375\122\233}{section.6.1}% 29
\BOOKMARK [2][]{subsection.6.1.2}{\376\377\0006\000.\0001\000.\0002\000\040\210\114\145\077\200\114\117\115\000/\136\075\133\120}{section.6.1}% 30
\BOOKMARK [2][]{subsection.6.1.3}{\376\377\0006\000.\0001\000.\0003\000\040\145\271\124\021}{section.6.1}% 31
\BOOKMARK [0][]{chapter.7}{\376\377\0007\000\040\131\017\116\344\204\045\000/\230\204\143\250\121\115\227\142\213\325}{}% 32
\BOOKMARK [1][]{section.7.1}{\376\377\0007\000.\0001\000\040\121\115\215\043\130\360\146\016\123\312\123\340\165\062}{chapter.7}% 33
\BOOKMARK [1][]{section.7.2}{\376\377\0007\000.\0002\000\040\116\034\123\127\131\047\133\146}{chapter.7}% 34
\BOOKMARK [2][]{subsection.7.2.1}{\376\377\0007\000.\0002\000.\0001\000\040\117\341\226\142\000-\220\032\117\341\145\271\124\021}{section.7.2}% 35
\BOOKMARK [1][]{section.7.3}{\376\377\0007\000.\0003\000\040\123\027\116\254\131\047\133\146}{chapter.7}% 36
\BOOKMARK [2][]{subsection.7.3.1}{\376\377\0007\000.\0003\000.\0001\000\040\123\027\131\047\226\306\142\020\000-\131\017\116\344\204\045}{section.7.3}% 37
\BOOKMARK [3][]{subsubsection.7.3.1.1}{\376\377\0007\000.\0003\000.\0001\000.\0001\000\040\213\276\213\241\145\271\124\021}{subsection.7.3.1}% 38
\BOOKMARK [2][]{subsection.7.3.2}{\376\377\0007\000.\0003\000.\0002\000\040\123\027\131\047\217\157\137\256\000-\131\017\116\344\204\045}{section.7.3}% 39
\BOOKMARK [2][]{subsection.7.3.3}{\376\377\0007\000.\0003\000.\0003\000\040\123\027\131\047\217\157\137\256\000-\230\204\143\250\121\115}{section.7.3}% 40
\BOOKMARK [1][]{section.7.4}{\376\377\0007\000.\0004\000\040\155\131\154\137\131\047\133\146}{chapter.7}% 41
\BOOKMARK [1][]{section.7.5}{\376\377\0007\000.\0005\000\040\155\131\131\047\226\306\226\142\000-\122\066\220\040\142\100}{chapter.7}% 42
\BOOKMARK [1][]{section.7.6}{\376\377\0007\000.\0006\000\040\123\127\116\254\131\047\133\146}{chapter.7}% 43
\BOOKMARK [1][]{section.7.7}{\376\377\0007\000.\0007\000\040\123\127\131\047\165\065\226\142\000-\226\306\142\020\165\065\215\357\135\345\172\013}{chapter.7}% 44
\BOOKMARK [0][]{chapter.8}{\376\377\0008\000\040\117\356\213\242\123\206\123\362}{}% 45
